0:100  0:100  MemLog inited, TSC freq: 2494335715
0:100  0:000  CPU was calibrated with ACPI PM Timer
0:100  0:000  
0:100  0:000  Now is 8.9.2021,  23:39:32 (GMT)
0:100  0:000  Starting Clover revision: 5070 on American Megatrends EFI
0:100  0:000  Build with: [Args: -D NO_GRUB_DRIVERS_EMBEDDED | -D NO_GRUB_DRIVERS_EMBEDDED -D USE_LOW_EBDA -a X64 -b RELEASE -t XCODE8 -n 5 | OS: 10.14.6 | XCODE: 10.3]
0:100  0:000  SelfDevicePath=PciRoot(0x0)\Pci(0x1F,0x2)\Sata(0x0,0xFFFF,0x0)\HD(1,GPT,6CD9AF92-D4DA-4836-A4A2-5B72394EA7A7,0x28,0x64000) @B147DB98
0:100  0:000  SelfDirPath = \EFI\BOOT
0:100  0:000  SimpleTextEx Status=Success
0:100  0:000  === [ Get Smbios ] ========================================
0:100  0:000  Type 16 Index = 0
0:100  0:000  Total Memory Slots Count = 4
0:100  0:000  Type 17 Index = 0
0:100  0:000  SmbiosTable.Type17->Speed = 1600MHz
0:100  0:000  SmbiosTable.Type17->Size = 4096MB
0:100  0:000  SmbiosTable.Type17->Bank/Device = BANK 0 ChannelA-DIMM0
0:100  0:000  SmbiosTable.Type17->Vendor = 029E
0:100  0:000  SmbiosTable.Type17->SerialNumber = 00000000
0:100  0:000  SmbiosTable.Type17->PartNumber = CMSO4GX3M1C1600C11
0:100  0:000  Type 17 Index = 1
0:100  0:000  Ignoring insane frequency value 0MHz
0:100  0:000  SmbiosTable.Type17->Speed = 0MHz
0:100  0:000  SmbiosTable.Type17->Size = 0MB
0:100  0:000  SmbiosTable.Type17->Bank/Device = BANK 1 ChannelA-DIMM1
0:100  0:000  SmbiosTable.Type17->Vendor = <null string>
0:100  0:000  SmbiosTable.Type17->SerialNumber = <null string>
0:100  0:000  SmbiosTable.Type17->PartNumber = <null string>
0:100  0:000  Type 17 Index = 2
0:100  0:000  SmbiosTable.Type17->Speed = 1600MHz
0:100  0:000  SmbiosTable.Type17->Size = 4096MB
0:100  0:000  SmbiosTable.Type17->Bank/Device = BANK 2 ChannelB-DIMM0
0:100  0:000  SmbiosTable.Type17->Vendor = 0000
0:100  0:000  SmbiosTable.Type17->SerialNumber = BB010000
0:100  0:000  SmbiosTable.Type17->PartNumber = HB3SU004GFM8MMC16 
0:100  0:000  Type 17 Index = 3
0:100  0:000  Ignoring insane frequency value 0MHz
0:100  0:000  SmbiosTable.Type17->Speed = 0MHz
0:100  0:000  SmbiosTable.Type17->Size = 0MB
0:100  0:000  SmbiosTable.Type17->Bank/Device = BANK 3 ChannelB-DIMM1
0:100  0:000  SmbiosTable.Type17->Vendor = <null string>
0:100  0:000  SmbiosTable.Type17->SerialNumber = <null string>
0:100  0:000  SmbiosTable.Type17->PartNumber = <null string>
0:100  0:000  Boot status=0
0:100  0:000  Running on: 'K45A' with board 'K45A'
0:100  0:000  === [ GetCPUProperties ] ==================================
0:100  0:000  CPU Vendor = 756E6547 Model=306A9
0:100  0:000   The CPU supported SSE4.1
0:100  0:000  BrandString = Intel(R) Core(TM) i5-3210M CPU @ 2.50GHz
0:100  0:000   The CPU supported turbo
0:100  0:000  MSR 0x35               20004
0:100  0:000  MSR 0xE2 before patch 1E008404
0:100  0:000  MSR 0xE2 is locked, PM patches will be turned on
0:100  0:000  MSR 0xCE              00080C10_E0011900
0:100  0:000  corrected FLEX_RATIO = 100000
0:100  0:000  MSR 0x1B0             00000000
0:100  0:000  FSBFrequency = 100 MHz, DMI FSBFrequency = 100 MHz, Corrected FSBFrequency = 100 MHz
0:100  0:000  MaxDiv/MinDiv: 25.0/12
0:100  0:000  Turbo: 29/29/29/31
0:100  0:000  Features: 0xBFEBFBFF
0:100  0:000  Threads: 4
0:100  0:000  Cores: 2
0:100  0:000  FSB: 100 MHz
0:100  0:000  CPU: 2500 MHz
0:100  0:000  TSC: 2500 MHz
0:100  0:000  PIS: 100 MHz
0:100  0:000  ExternalClock: 25 MHz
0:100  0:000  === [ GetDevices ] ========================================
0:100  0:000  GOP found at: PciRoot(0x0)/Pci(0x2,0x0)/AcpiAdr(0x80010100)
0:100  0:000  PCI (00|00:00.00) : 8086 0154 class=060000
0:100  0:000  PCI (00|00:01.00) : 8086 0151 class=060400
0:100  0:000  PCI (00|00:02.00) : 8086 0166 class=030000
0:100  0:000   - GOP: Provided by device
0:100  0:000   - GFX: Model=Intel HD Graphics 4000 (Intel)
0:100  0:000  PCI (00|00:14.00) : 8086 1E31 class=0C0330
0:100  0:000  PCI (00|00:16.00) : 8086 1E3A class=078000
0:100  0:000  PCI (00|00:16.01) : FFFF FFFF class=FFFFFF
0:100  0:000  PCI (00|00:1A.00) : 8086 1E2D class=0C0320
0:100  0:000  PCI (00|00:1B.00) : 8086 1E20 class=040300
0:100  0:000  PCI (00|00:1C.00) : 8086 1E10 class=060400
0:100  0:000  PCI (00|02:00.00) : 10EC 8168 class=020000
0:100  0:000   - LAN: 0 Vendor=Realtek
0:100  0:000  PCI (00|00:1C.01) : 8086 1E12 class=060400
0:100  0:000  PCI (00|03:00.00) : 168C 0032 class=028000
0:100  0:000   - WIFI: Vendor=Atheros
0:100  0:000  PCI (00|00:1D.00) : 8086 1E26 class=0C0320
0:100  0:000  PCI (00|00:1F.00) : 8086 1E59 class=060100
0:100  0:000  PCI (00|00:1F.02) : 8086 1E03 class=010601
0:100  0:000  PCI (00|00:1F.03) : 8086 1E22 class=0C0500
0:100  0:000  PCI (00|00:1F.06) : FFFF FFFF class=FFFFFF
0:100  0:000  === [ GetDefaultSettings ] ================================
0:101  0:000  Clover load options size = 0 bytes
0:124  0:023  EFI\CLOVER\config.plist loaded: Success
0:124  0:000  === [ GetListOfThemes ] ===================================
0:125  0:001  - [00]: EMBEDDED
0:126  0:001  - [00]: OlarilaAnimation
0:132  0:005  - [01]: RANDOM
0:134  0:001  === [ Found config plists ] ===============================
0:134  0:000  - config.plist
0:134  0:000  === [ GetEarlyUserSettings ] ==============================
0:134  0:000  timeout set to 10
0:134  0:000  Custom boot CUSTOM_BOOT_DISABLED (0x0)
0:134  0:000  KextsToPatch: 15 requested
0:134  0:000   - [00]: com.apple.driver.AppleAHCIPort (External icons patch) :: MatchOS: 10.11.x,10.12.x,10.13.x,10.14.x,10.15.x :: BinPatch :: data len: 8
0:134  0:000   - [01]: com.apple.driver.AppleMikeyDriver (MikeyDriver Patch Assertions) :: MatchOS: 10.11.x,10.12.x,10.13.x,10.14.x,10.15.x :: BinPatch :: data len: 16
0:134  0:000   - [02]: com.apple.driver.AppleGraphicsDevicePolicy (Prevent AGDP from loading) :: MatchOS: 10.11.x,10.12.x,10.13.x,10.14.x,10.15.x :: BinPatch :: data len: 5
0:134  0:000   - [03]: com.apple.driver.AppleIntelLpssI2C (Prevent Apple I2C kexts from attaching to I2C controllers) :: MatchOS: 10.11.x,10.12.x,10.13.x,10.14.x,10.15.x :: PlistPatch :: data len: 8
0:134  0:000   - [04]: com.apple.driver.AppleIntelLpssI2CController (Prevent Apple I2C kexts from attaching to I2C controllers) :: MatchOS: 10.11.x,10.12.x,10.13.x,10.14.x,10.15.x :: PlistPatch :: data len: 8
0:134  0:000   - [05]: com.apple.driver.AppleHDA (AppleHDA Patch Assertions) :: MatchOS: 10.11.x,10.12.x,10.13.x,10.14.x,10.15.x :: BinPatch :: data len: 16
0:134  0:000   - [06]: com.apple.driver.usb.AppleUSBXHCIPCI (USB port limit patch) :: MatchOS: 10.11.x :: BinPatch :: data len: 7
0:134  0:000   - [07]: com.apple.driver.usb.AppleUSBXHCIPCI (USB port limit patch) :: MatchOS: 10.12.x :: BinPatch :: data len: 7
0:134  0:000   - [08]: com.apple.driver.usb.AppleUSBXHCI (USB port limit patch by PMHeart) :: MatchOS: 10.13.x :: BinPatch :: data len: 10
0:134  0:000   - [09]: com.apple.iokit.IOUSBHostFamily (USB port limit patch #1 10.14.x modify by DalianSky(credit ydeng)) :: MatchOS: 10.14.x :: BinPatch :: data len: 4
0:134  0:000   - [10]: com.apple.iokit.IOUSBHostFamily (USB port limit patch #2 10.14.x modify by DalianSky(credit PMHeart)) :: MatchOS: 10.14.x :: BinPatch :: data len: 4
0:134  0:000   - [11]: com.apple.driver.usb.AppleUSBXHCI (USB Port limit patch #3 10.14.x modify by DalianSky(credits PMheart)) :: MatchOS: 10.14.x :: BinPatch :: data len: 4
0:134  0:000   - [12]: com.apple.driver.usb.AppleUSBXHCI (USB Port limit patch #4 10.14.x modify by DalianSky(credits PMheart)) :: MatchOS: 10.14.x :: BinPatch :: data len: 4
0:134  0:000   - [13]: com.apple.iokit.IOUSBHostFamily (USB Port limit patch #1(credits PMheart)) :: MatchOS: 10.15.x :: BinPatch :: data len: 4
0:134  0:000   - [14]: com.apple.driver.usb.AppleUSBXHCI (USB Port limit patch #2(credits PMheart)) :: MatchOS: 10.15.x :: BinPatch :: data len: 4
0:134  0:000  KernelToPatch: 3 requested
0:134  0:000   - [00]: Disable panic kext logging on 10.13 Release kernel :: MatchOS: 10.13.x :: data len: 6
0:134  0:000   - [01]: Disable panic kext logging on 10.14 Release kernel :: MatchOS: 10.14.0,10.14.1,10.14.2,10.14.3 :: data len: 6
0:134  0:000   - [02]: Disable panic kext logging on 10.14 Release kernel :: MatchOS: 10.14.4,10.14.5,10.14.6 :: data len: 6
0:135  0:000  Default theme: OlarilaAnimation
0:135  0:000  Hiding entries with string Recovery HD
0:135  0:000  === [ LoadDrivers ] =======================================
0:138  0:003  Loading ApfsDriverLoader.efi  status=Success
0:140  0:002   - driver needs connecting
0:140  0:000  Loading AptioMemoryFix.efi  status=Success
0:142  0:001  Loading AudioDxe.efi  status=Success
0:143  0:001   - driver needs connecting
0:143  0:000  Loading DataHubDxe.efi  status=Success
0:211  0:067  Loading FSInject.efi  status=Success
0:213  0:001  Loading HFSPlus.efi  status=Success
0:215  0:002   - driver needs connecting
0:215  0:000  Loading SMCHelper.efi  status=Success
0:216  0:001  3 drivers needs connecting ...
0:216  0:000  PlatformDriverOverrideProtocol->GetDriver overriden
0:216  0:000  HFS+ driver loaded
0:216  0:000  APFS driver loaded
0:216  0:000  Searching for invalid DiskIo BY_DRIVER connects: not found, all ok
4:344  4:127  === [ InitScreen ] ========================================
4:344  0:000  Console modes reported: 3, available modes:
4:344  0:000   - [01]: 80x25 (current mode)
4:344  0:000   - [03]: 100x31
4:344  0:000  SetMaxResolution: found best mode 3: 1366x768
4:344  0:000   - already set
4:344  0:000  reinit: self device path=PciRoot(0x0)\Pci(0x1F,0x2)\Sata(0x0,0xFFFF,0x0)\HD(1,GPT,6CD9AF92-D4DA-4836-A4A2-5B72394EA7A7,0x28,0x64000)
4:345  0:000  Using embedded font: Success
4:346  0:000  === [ GetMacAddress ] =====================================
4:346  0:000  MAC address of LAN #0= 20:89:84:01:8A:58:
4:346  0:000  === [ ScanSPD ] ===========================================
4:346  0:000  Scanning SMBus [8086:1E22], mmio: 0xF7D15004, ioport: 0xF040, hostc: 0x1
4:365  0:018  Slot: 0 Type 24 4096MB 1600MHz Vendor=Corsair PartNo=CMSO4GX3M1C1600C11 SerialNo=0000000000000000
4:385  0:019  Slot: 2 Type 24 4096MB 1600MHz Vendor=NoName PartNo=HB3SU004GFM8MMC16MC SerialNo=0B0B000100000000
4:385  0:000  === [ GetAcpiTablesList ] =================================
4:385  0:000  Get Acpi Tables List from RSDT:
4:385  0:000   - [00]: FACP  Notebook len=132
4:385  0:000   - [01]: APIC  Notebook len=114
4:385  0:000   - [02]: FPDT  Notebook len=68
4:385  0:000   - [03]: MCFG  Notebook len=60
4:385  0:000   - [04]: MSDM  Notebook len=85
4:385  0:000   - [05]: SSDT  PtidDevc len=1769
4:385  0:000   - [06]: HPET  Notebook len=56
4:385  0:000   - [07]: SSDT  SataTabl len=834
4:385  0:000   - [08]: SSDT  Cpu0Ist len=2408
4:385  0:000   - [09]: SSDT  CpuPm len=2706
4:385  0:000   - [10]: SSDT  SgTabl len=1910
4:385  0:000  Calibrated TSC Frequency = 2494335715 = 2494MHz
4:385  0:000  === [ GetUserSettings ] ===================================
4:385  0:000  Add 1 devices:
4:386  0:000  Add 8 properties:
4:386  0:000   - [00]: NVidia Key: name, len: 9
4:386  0:000   - [01]: NVidia Key: IOName, len: 9
4:386  0:000   - [02]: NVidia Key: class-code, len: 4
4:386  0:000   - [03]: ATI Key: name, len: 9
4:386  0:000   - [04]: ATI Key: IOName, len: 9
4:386  0:000   - [05]: ATI Key: class-code, len: 4
4:386  0:000   - [06]: ATI Key: vendor-id, len: 4
4:386  0:000   - [07]: ATI Key: device-id, len: 4
4:386  0:000  USB FixOwnership: yes
4:386  0:000  Dropping 2 tables:
4:386  0:000   - [00]: Drop table  signature="DMAR" (52414D44)
4:386  0:000           - set table: 52414D44,                0 to drop: no
4:386  0:000   - [01]: Drop table  signature="MATS" (5354414D)
4:386  0:000           - set table: 5354414D,                0 to drop: no
4:386  0:000   - final DSDT Fix mask=10060054
4:386  0:000  PatchesDSDT: 7 requested
4:386  0:000   - [00]: (change EHC1 to EH01) lenToFind: 4, lenToReplace: 4, Target Bridge: <null string>
4:386  0:000   - [01]: (change EHC2 to EH02) lenToFind: 4, lenToReplace: 4, Target Bridge: <null string>
4:386  0:000   - [02]: (change EUSB to EH01) lenToFind: 4, lenToReplace: 4, Target Bridge: <null string>
4:386  0:000   - [03]: (change USBE to EH02) lenToFind: 4, lenToReplace: 4, Target Bridge: <null string>
4:386  0:000   - [04]: (change GFX0 to IGPU) lenToFind: 4, lenToReplace: 4, Target Bridge: <null string>
4:386  0:000   - [05]: (change HECI to IMEI) lenToFind: 4, lenToReplace: 4, Target Bridge: <null string>
4:386  0:000   - [06]: (change SAT0 to SATA) lenToFind: 4, lenToReplace: 4, Target Bridge: <null string>
4:386  0:000  smartUPS: present
4:386  0:000  Using ProductName from config: MacBookPro9,2
4:386  0:000  Using latest BiosVersion from clover
4:386  0:000  BiosVersion: MBP91.88Z.F000.B00.1906131919
4:386  0:000  BiosReleaseDate: 06/13/2019
4:386  0:000  Using latest EfiVersion from clover: 228.0.0.0.0
4:386  0:000  Using FirmwareFeatures from config: 0xC00DE137
4:386  0:000  Using FirmwareFeaturesMask from config: 0xFF1FFF3F
4:386  0:000  Board-ID set from config as Mac-6F01561E16C75D06
4:386  0:000  BoardType: 0xA
4:386  0:000  ChassisType: 0xA
4:407  0:021  === [ Found DSDT tables ] =================================
4:441  0:033  - DSDT.AML
4:620  0:179  === [ ScanVolumes ] =======================================
4:620  0:000  Found 7 volumes with blockIO
4:620  0:000  - [00]: Volume: PciRoot(0x0)\Pci(0x1F,0x2)\Sata(0x0,0xFFFF,0x0)
4:627  0:006  - [01]: Volume: PciRoot(0x0)\Pci(0x1F,0x2)\Sata(0x2,0xFFFF,0x0)
4:627  0:000          Found optical drive
4:627  0:000  - [02]: Volume: PciRoot(0x0)\Pci(0x1F,0x2)\Sata(0x0,0xFFFF,0x0)\HD(1,GPT,6CD9AF92-D4DA-4836-A4A2-5B72394EA7A7,0x28,0x64000)
4:628  0:000          Result of bootcode detection: bootable unknown (legacy)
4:650  0:022          This is SelfVolume !!
4:650  0:000  - [03]: Volume: PciRoot(0x0)\Pci(0x1F,0x2)\Sata(0x0,0xFFFF,0x0)\HD(2,GPT,6EB0FCA2-426E-4262-907A-42016BA60BC0,0x64028,0x2D629450)
4:663  0:012  - [04]: Volume: PciRoot(0x0)\Pci(0x1F,0x2)\Sata(0x0,0xFFFF,0x0)\HD(3,GPT,F994B562-772E-4405-97A9-B830501C371E,0x2D68D478,0x135F20)
4:687  0:024          hiding this volume
4:687  0:000  - [05]: Volume: PciRoot(0x0)\Pci(0x1F,0x2)\Sata(0x0,0xFFFF,0x0)\HD(4,GPT,E74D9BF9-385D-4054-92CE-2EBBA5B613B6,0x2D7C3800,0x8000)
4:693  0:005  - [06]: Volume: PciRoot(0x0)\Pci(0x1F,0x2)\Sata(0x0,0xFFFF,0x0)\HD(5,GPT,CC9BBD3A-E8A1-4586-A1E9-3FB1D4448904,0x2D7CB800,0xCBBA800)
4:699  0:006          Result of bootcode detection: bootable Windows (vista,win)
4:799  0:100  found 2 handles with audio
4:799  0:000  No AudioIoDevice stored
4:799  0:000  no stored audio parameters
4:799  0:000  === [ InitTheme ] =========================================
4:799  0:000  use night theme
4:872  0:072  Using theme 'OlarilaAnimation' (EFI\CLOVER\themes\OlarilaAnimation)
4:872  0:000  OS main and drive as badge
4:879  0:007    Channels: 1  Sample rate: 44100 Hz  Bits: 16
4:879  0:000  output to channel 0 with volume 70, len=169344
4:879  0:000   sound channels=1 bits=16 freq=44100
4:879  0:000  not found AudioIo to play
4:879  0:000  free sound
4:879  0:000  sound play end with status=Not Found
4:886  0:007    Channels: 1  Sample rate: 44100 Hz  Bits: 16
4:886  0:000  output to channel 0 with volume 70, len=169344
4:886  0:000   sound channels=1 bits=16 freq=44100
4:886  0:000  not found AudioIo to play
4:886  0:000  free sound
4:886  0:000  sound play end with status=Not Found
4:889  0:002  Loading font from ThemeDir: Success
4:889  0:000  theme inited
4:889  0:000  Chosen theme OlarilaAnimation
4:889  0:000  found boot-args in NVRAM:, size=1
4:889  0:000  after NVRAM boot-args=npci=0x2000 dart=0 kext-dev-mode=1 rootless=0 -ath9485
4:889  0:000  === [ Dump SMC keys from NVRAM ] ==========================
4:889  0:000  found AppleSMC protocol
4:925  0:035  Registered 17 SMC keys
4:926  0:000  === [ AddCustomEntries ] ==================================
4:926  0:000  Custom entry 0 FullTitle:"Mojave" Path:"\System\Library\CoreServices\boot.efi" Type:1 Flags:0x2 matching Volume:"43CD40EC-BE38-4EAE-ADF5-2B092306ECA7"
4:926  0:000      Checking volume "EFI" (PciRoot(0x0)\Pci(0x1F,0x2)\Sata(0x0,0xFFFF,0x0)\HD(1,GPT,6CD9AF92-D4DA-4836-A4A2-5B72394EA7A7,0x28,0x64000)) ... skipped
4:926  0:000      Checking volume "MacBoot" (PciRoot(0x0)\Pci(0x1F,0x2)\Sata(0x0,0xFFFF,0x0)\HD(2,GPT,6EB0FCA2-426E-4262-907A-42016BA60BC0,0x64028,0x2D629450)) ... skipped
4:926  0:000      Checking volume "Recovery HD" (PciRoot(0x0)\Pci(0x1F,0x2)\Sata(0x0,0xFFFF,0x0)\HD(3,GPT,F994B562-772E-4405-97A9-B830501C371E,0x2D68D478,0x135F20)) ... skipped because volume is hidden
4:926  0:000      Checking volume "" (PciRoot(0x0)\Pci(0x1F,0x2)\Sata(0x0,0xFFFF,0x0)\HD(5,GPT,CC9BBD3A-E8A1-4586-A1E9-3FB1D4448904,0x2D7CB800,0xCBBA800)) ... skipped
4:926  0:000  Custom entry 1 FullTitle:"Windows 10" Path:"\EFI\Microsoft\Boot\bootmgfw.efi" Options:"-s -h" Type:7 Flags:0x0 matching Volume:"287D49E3-515B-467E-96C7-5DD97BB757F1"
4:926  0:000      Checking volume "EFI" (PciRoot(0x0)\Pci(0x1F,0x2)\Sata(0x0,0xFFFF,0x0)\HD(1,GPT,6CD9AF92-D4DA-4836-A4A2-5B72394EA7A7,0x28,0x64000)) ... skipped
4:926  0:000      Checking volume "MacBoot" (PciRoot(0x0)\Pci(0x1F,0x2)\Sata(0x0,0xFFFF,0x0)\HD(2,GPT,6EB0FCA2-426E-4262-907A-42016BA60BC0,0x64028,0x2D629450)) ... skipped
4:926  0:000      Checking volume "Recovery HD" (PciRoot(0x0)\Pci(0x1F,0x2)\Sata(0x0,0xFFFF,0x0)\HD(3,GPT,F994B562-772E-4405-97A9-B830501C371E,0x2D68D478,0x135F20)) ... skipped because volume is hidden
4:926  0:000      Checking volume "" (PciRoot(0x0)\Pci(0x1F,0x2)\Sata(0x0,0xFFFF,0x0)\HD(5,GPT,CC9BBD3A-E8A1-4586-A1E9-3FB1D4448904,0x2D7CB800,0xCBBA800)) ... skipped
4:926  0:000  === [ ScanLoader ] ========================================
4:926  0:000  - [02]: 'EFI'
4:962  0:035          AddLoaderEntry for Volume Name=EFI
5:050  0:088          AddLoaderEntry for Volume Name=EFI
5:050  0:000          skipped because entry is hidden
5:050  0:000  - [03]: 'MacBoot'
5:097  0:047          AddLoaderEntry for Volume Name=MacBoot
5:135  0:037      hibernated: set as never
5:156  0:021  - [04]: 'Recovery HD', hidden
5:156  0:000  - [06]: ''
5:156  0:000  Scanning legacy ...
5:156  0:000   6: '' (vista,win) add legacy
5:158  0:001   added 'Boot Windows from ' OSType=2 Icon=vista,win
5:158  0:000  === [ AddCustomTool ] =====================================
5:183  0:025  found tool \EFI\CLOVER\tools\Shell64U.efi
5:183  0:000  Checking EFI partition Volume 2 for Clover
5:184  0:000   Found Clover
5:219  0:034  === [ GetEfiBootDeviceFromNvram ] =========================
5:219  0:000   - efi-boot-device-data: PciRoot(0x0)\Pci(0x1F,0x2)\Sata(0x0,0xFFFF,0x0)\HD(2,GPT,6EB0FCA2-426E-4262-907A-42016BA60BC0,0x64028,0x2D629450)
5:219  0:000    - Volume: 'PciRoot(0x0)\Pci(0x1F,0x2)\Sata(0x0,0xFFFF,0x0)\HD(2,GPT,6EB0FCA2-426E-4262-907A-42016BA60BC0,0x64028,0x2D629450)'
5:219  0:000    - LoaderPath: '<null string>'
5:219  0:000    - Guid = 6EB0FCA2-426E-4262-907A-42016BA60BC0
5:219  0:000  === [ FindStartupDiskVolume ] =============================
5:220  0:000    - Volume: partition = PciRoot(0x0)\Pci(0x1F,0x2)\Sata(0x0,0xFFFF,0x0)\HD(2,GPT,6EB0FCA2-426E-4262-907A-42016BA60BC0,0x64028,0x2D629450)
5:220  0:000     - searching for that partition
5:220  0:000      - found entry 1. 'Boot macOS from MacBoot', Volume 'MacBoot'
5:220  0:000  Boot redirected to Entry 1. 'Boot macOS from MacBoot'
5:220  0:000  DefaultIndex=1 and MainMenu.EntryCount=9
5:220  0:000  Use anime=anime frames=10
5:296  0:076   found 10 frames of the anime
5:296  0:000   Anime seems OK, init it
5:296  0:000  banner file not read
5:972  0:676  GUI ready
7:301  1:329  exit from MainMenu 1
7:302  0:000  ParseBootOption: invalid input params
7:302  0:000  BootVariable of the entry is empty
7:302  0:000  === [ StartLoader ] =======================================
7:302  0:000  Finally: ExternalClock=25MHz BusSpeed=99774kHz CPUFreq=2494MHz PIS: hw.busfrequency=100000000Hz
7:302  0:000  Loading boot.efi  status=Success
7:407  0:105  GetOSVersion: 10.14.6 (18G103)
7:407  0:000  CSR_CFG: CSR_ALLOW_UNTRUSTED_KEXTS | CSR_ALLOW_UNRESTRICTED_FS | CSR_ALLOW_TASK_FOR_PID | CSR_ALLOW_UNRESTRICTED_DTRACE | CSR_ALLOW_UNRESTRICTED_NVRAM
7:407  0:000  Filtering KextPatches:
7:407  0:000   - [00]: com.apple.driver.AppleAHCIPort (External icons patch) :: BinPatch :: [OS: 10.14.6 | MatchOS: 10.11.x,10.12.x,10.13.x,10.14.x,10.15.x | MatchBuild: All] ==> allowed
7:407  0:000   - [01]: com.apple.driver.AppleMikeyDriver (MikeyDriver Patch Assertions) :: BinPatch :: [OS: 10.14.6 | MatchOS: 10.11.x,10.12.x,10.13.x,10.14.x,10.15.x | MatchBuild: All] ==> allowed
7:407  0:000   - [02]: com.apple.driver.AppleGraphicsDevicePolicy (Prevent AGDP from loading) :: BinPatch :: [OS: 10.14.6 | MatchOS: 10.11.x,10.12.x,10.13.x,10.14.x,10.15.x | MatchBuild: All] ==> allowed
7:407  0:000   - [03]: com.apple.driver.AppleIntelLpssI2C (Prevent Apple I2C kexts from attaching to I2C controllers) :: PlistPatch :: [OS: 10.14.6 | MatchOS: 10.11.x,10.12.x,10.13.x,10.14.x,10.15.x | MatchBuild: All] ==> allowed
7:407  0:000   - [04]: com.apple.driver.AppleIntelLpssI2CController (Prevent Apple I2C kexts from attaching to I2C controllers) :: PlistPatch :: [OS: 10.14.6 | MatchOS: 10.11.x,10.12.x,10.13.x,10.14.x,10.15.x | MatchBuild: All] ==> allowed
7:407  0:000   - [05]: com.apple.driver.AppleHDA (AppleHDA Patch Assertions) :: BinPatch :: [OS: 10.14.6 | MatchOS: 10.11.x,10.12.x,10.13.x,10.14.x,10.15.x | MatchBuild: All] ==> allowed
7:407  0:000   - [06]: com.apple.driver.usb.AppleUSBXHCIPCI (USB port limit patch) :: BinPatch :: [OS: 10.14.6 | MatchOS: 10.11.x | MatchBuild: All] ==> not allowed
7:407  0:000   - [07]: com.apple.driver.usb.AppleUSBXHCIPCI (USB port limit patch) :: BinPatch :: [OS: 10.14.6 | MatchOS: 10.12.x | MatchBuild: All] ==> not allowed
7:407  0:000   - [08]: com.apple.driver.usb.AppleUSBXHCI (USB port limit patch by PMHeart) :: BinPatch :: [OS: 10.14.6 | MatchOS: 10.13.x | MatchBuild: All] ==> not allowed
7:407  0:000   - [09]: com.apple.iokit.IOUSBHostFamily (USB port limit patch #1 10.14.x modify by DalianSky(credit ydeng)) :: BinPatch :: [OS: 10.14.6 | MatchOS: 10.14.x | MatchBuild: All] ==> allowed
7:407  0:000   - [10]: com.apple.iokit.IOUSBHostFamily (USB port limit patch #2 10.14.x modify by DalianSky(credit PMHeart)) :: BinPatch :: [OS: 10.14.6 | MatchOS: 10.14.x | MatchBuild: All] ==> allowed
7:407  0:000   - [11]: com.apple.driver.usb.AppleUSBXHCI (USB Port limit patch #3 10.14.x modify by DalianSky(credits PMheart)) :: BinPatch :: [OS: 10.14.6 | MatchOS: 10.14.x | MatchBuild: All] ==> allowed
7:407  0:000   - [12]: com.apple.driver.usb.AppleUSBXHCI (USB Port limit patch #4 10.14.x modify by DalianSky(credits PMheart)) :: BinPatch :: [OS: 10.14.6 | MatchOS: 10.14.x | MatchBuild: All] ==> allowed
7:407  0:000   - [13]: com.apple.iokit.IOUSBHostFamily (USB Port limit patch #1(credits PMheart)) :: BinPatch :: [OS: 10.14.6 | MatchOS: 10.15.x | MatchBuild: All] ==> not allowed
7:407  0:000   - [14]: com.apple.driver.usb.AppleUSBXHCI (USB Port limit patch #2(credits PMheart)) :: BinPatch :: [OS: 10.14.6 | MatchOS: 10.15.x | MatchBuild: All] ==> not allowed
7:407  0:000  Filtering KernelPatches:
7:407  0:000   - [00]: Disable panic kext logging on 10.13 Release kernel :: [OS: 10.14.6 | MatchOS: 10.13.x | MatchBuild: no] ==> not allowed by OS
7:407  0:000   - [01]: Disable panic kext logging on 10.14 Release kernel :: [OS: 10.14.6 | MatchOS: 10.14.0,10.14.1,10.14.2,10.14.3 | MatchBuild: no] ==> not allowed by OS
7:407  0:000   - [02]: Disable panic kext logging on 10.14 Release kernel :: [OS: 10.14.6 | MatchOS: 10.14.4,10.14.5,10.14.6 | MatchBuild: no] ==> allowed by OS
7:407  0:000  Will not patch boot.efi
7:407  0:000  === [ PatchSmbios ] =======================================
7:407  0:000  insert table 9 for dev 0:0
7:407  0:000  insert table 9 for dev 0:0
7:407  0:000  Table 11 present, but rewritten for us
7:408  0:001  Trusting SMBIOS...
7:409  0:000  Channels: 2
7:409  0:000  Interleave: 0 2 1 3 4 6 5 7 8 10 9 11 12 14 13 15 16 18 17 19 20 22 21 23
7:409  0:000   partNum=CMSO4GX3M1C1600C11
7:409  0:000  SMBIOS Type 17 Index = 0 => 0 0:
7:409  0:000  BANK 0 DIMM0 1600MHz 4096MB
7:409  0:000   partNum=HB3SU004GFM8MMC16 
7:409  0:000  Type17->Manufacturer corrected by SMBIOS from NoName to 0000
7:409  0:000  SMBIOS Type 17 Index = 1 => 2 2:
7:409  0:000  BANK 1 DIMM0 1600MHz 4096MB
7:409  0:000  mTotalSystemMemory = 8192
7:409  0:000  NumberOfMemoryDevices = 2
7:409  0:000  Type20[0]->End = 0x3FFFFF, Type17[0] = 0x1000
7:409  0:000  Type20[1]->End = 0x7FFFFF, Type17[1] = 0x3000
7:409  0:000  Table 131 is present, CPUType=31
7:409  0:000  Change to: 604
7:409  0:000  === [ PatchACPI ] =========================================
7:409  0:000  Xsdt reallocation done
7:409  0:000  old FADT length=10C
7:409  0:000   SignatureFixup: 0x0 -> 0x0
7:409  0:000  Found OperationRegion(GNVS, SystemMemory, BD0F9E18, ...)
7:409  0:000  Found OperationRegion(MCHT, SystemMemory, FED10000, ...)
7:409  0:000  Found OperationRegion(EXBU, SystemMemory, BD0FD000, ...)
7:409  0:000  Found OperationRegion(RCRB, SystemMemory, FED1C000, ...)
7:409  0:000  Found OperationRegion(CPSB, SystemMemory, BCA6EE18, ...)
7:409  0:000  Found OperationRegion(COMP, SystemMemory, BD0FBC98, ...)
7:409  0:000  Found OperationRegion(ECMM, SystemMemory, FF000000, ...)
7:409  0:000  Found OperationRegion(CNBT, SystemMemory, FFC40000, ...)
7:429  0:020  DSDT found in Clover volume OEM folder: EFI\CLOVER\ACPI\patched\DSDT.aml
7:431  0:001  Apply DsdtFixMask=0x10060054
7:431  0:000     drop _DSM mask=0x0000
7:431  0:000  === [ FixBiosDsdt ] =======================================
7:432  0:000  Patching DSDT:
7:432  0:000   - [change EHC1 to EH01]: pattern 45484331, patched at: [ (353C) (474E) (E75) ]
7:432  0:000   - [change EHC2 to EH02]: pattern 45484332, patched at: [ (38A1) (43FB) (1018) ]
7:432  0:000   - [change EUSB to EH01]: pattern 45555342, bin not found / already patched!
7:432  0:000   - [change USBE to EH02]: pattern 55534245, patched at: [ (8C2E) (196) ]
7:432  0:000   - [change GFX0 to IGPU]: pattern 47465830, patched at: [ (4D7F) (171F) (12) (C57) (889) (20) (20) (20) (20) (20) (20) (20) (8C0) (14) (A7) (181A) (64) (553) (8) (20) (18) (D) (D) (17) (17) (17) (15) (C) (C) (1D) (D) (B) (F) (C) (15) (E) (C) (B) (D) (B) (C) (B) (C) (B) (22) (E) (22) (2C) (23) (23) (E) (21) (A) (91) (AD) (25B8) (E) (E) (C) (1D) (E) (E) (C) (1D) (10) (E) (C) (1D) (E) (E) (C) (1D) (10) (E) (C) (1D) (10) (E) (C) (13B4) (1B) (21) (1B) (C38) ]
7:432  0:000   - [change HECI to IMEI]: pattern 48454349, bin not found / already patched!
7:432  0:000   - [change SAT0 to SATA]: pattern 53415430, patched at: [ (41B1) (48BB) (5D) ]
7:432  0:000    0 replacements
7:433  0:000  found RTC Length not match, Maybe will cause CMOS reset, will patch it.
7:433  0:000  Start HPET Fix
7:433  0:000  OperationRegion (GNVS...) corrected from 0xD90FFE18 to addr=0xBD0F9E18
7:433  0:000  OperationRegion (EXBU...) corrected from 0xD9103000 to addr=0xBD0FD000
7:433  0:000    indirect name=SRCB
7:433  0:000  OperationRegion (CPSB...) corrected from 0xD8A96E18 to addr=0xBCA6EE18
7:433  0:000  OperationRegion (COMP...) corrected from 0xD9101C98 to addr=0xBD0FBC98
7:434  0:000  PreCleanup XSDT: count=11, length=124
7:434  0:000  PreCleanup XSDT, corrected XSDT: count=11, length=124
7:434  0:000  === [ ACPIDropTables ] ====================================
7:434  0:000  Patching SSDT PtidDevc Length=1769
7:434  0:000  0. [change EHC1 to EH01]: pattern 45484331, bin not found / already patched!
7:434  0:000  1. [change EHC2 to EH02]: pattern 45484332, bin not found / already patched!
7:434  0:000  2. [change EUSB to EH01]: pattern 45555342, bin not found / already patched!
7:434  0:000  3. [change USBE to EH02]: pattern 55534245, bin not found / already patched!
7:434  0:000  4. [change GFX0 to IGPU]: pattern 47465830, bin not found / already patched!
7:434  0:000  5. [change HECI to IMEI]: pattern 48454349, bin not found / already patched!
7:434  0:000  6. [change SAT0 to SATA]: pattern 53415430, bin not found / already patched!
7:434  0:000    0 replacements
7:434  0:000  Patching SSDT SataTabl Length=834
7:434  0:000  0. [change EHC1 to EH01]: pattern 45484331, bin not found / already patched!
7:434  0:000  1. [change EHC2 to EH02]: pattern 45484332, bin not found / already patched!
7:434  0:000  2. [change EUSB to EH01]: pattern 45555342, bin not found / already patched!
7:434  0:000  3. [change USBE to EH02]: pattern 55534245, bin not found / already patched!
7:434  0:000  4. [change GFX0 to IGPU]: pattern 47465830, bin not found / already patched!
7:434  0:000  5. [change HECI to IMEI]: pattern 48454349, bin not found / already patched!
7:434  0:000  6. [change SAT0 to SATA]: pattern 53415430, patched at: [ (B5) ]
7:434  0:000    0 replacements
7:434  0:000  Patching SSDT Cpu0Ist Length=2408
7:434  0:000  0. [change EHC1 to EH01]: pattern 45484331, bin not found / already patched!
7:434  0:000  1. [change EHC2 to EH02]: pattern 45484332, bin not found / already patched!
7:434  0:000  2. [change EUSB to EH01]: pattern 45555342, bin not found / already patched!
7:434  0:000  3. [change USBE to EH02]: pattern 55534245, bin not found / already patched!
7:434  0:000  4. [change GFX0 to IGPU]: pattern 47465830, bin not found / already patched!
7:434  0:000  5. [change HECI to IMEI]: pattern 48454349, bin not found / already patched!
7:434  0:000  6. [change SAT0 to SATA]: pattern 53415430, bin not found / already patched!
7:434  0:000    0 replacements
7:434  0:000  Patching SSDT CpuPm Length=2706
7:434  0:000  0. [change EHC1 to EH01]: pattern 45484331, bin not found / already patched!
7:434  0:000  1. [change EHC2 to EH02]: pattern 45484332, bin not found / already patched!
7:434  0:000  2. [change EUSB to EH01]: pattern 45555342, bin not found / already patched!
7:434  0:000  3. [change USBE to EH02]: pattern 55534245, bin not found / already patched!
7:434  0:000  4. [change GFX0 to IGPU]: pattern 47465830, bin not found / already patched!
7:434  0:000  5. [change HECI to IMEI]: pattern 48454349, bin not found / already patched!
7:434  0:000  6. [change SAT0 to SATA]: pattern 53415430, bin not found / already patched!
7:434  0:000    0 replacements
7:434  0:000  Found OperationRegion(PPMT, SystemMemory, BD0FCE98, ...)
7:434  0:000  Patching SSDT SgTabl Length=1910
7:434  0:000  0. [change EHC1 to EH01]: pattern 45484331, bin not found / already patched!
7:434  0:000  1. [change EHC2 to EH02]: pattern 45484332, bin not found / already patched!
7:434  0:000  2. [change EUSB to EH01]: pattern 45555342, bin not found / already patched!
7:434  0:000  3. [change USBE to EH02]: pattern 55534245, bin not found / already patched!
7:434  0:000  4. [change GFX0 to IGPU]: pattern 47465830, patched at: [ (2AA) (1F) (22) (2A) (1B) (1B) (22) (1B) (1B) (24) (22) (2A) (22) (2A) (22) (2A) (22) (2A) (22) (2A) (22) ]
7:434  0:000  5. [change HECI to IMEI]: pattern 48454349, bin not found / already patched!
7:434  0:000  6. [change SAT0 to SATA]: pattern 53415430, bin not found / already patched!
7:434  0:000    0 replacements
7:434  0:000  === [ ACPIPatchedAML ] ====================================
7:434  0:000  Unsorted
7:434  0:000  Inserting SSDT.AML from EFI\CLOVER\ACPI\patched: size=15943 ... Success
7:435  0:000  Inserting SSDT-XSEL.aml from EFI\CLOVER\ACPI\patched: size=57 ... Success
7:435  0:000  Inserting SSDT-PTSWAK.aml from EFI\CLOVER\ACPI\patched: size=782 ... Success
7:436  0:000  Inserting SSDT-PNLF.aml from EFI\CLOVER\ACPI\patched: size=1028 ... Success
7:436  0:000  Inserting SSDT-GPRW.aml from EFI\CLOVER\ACPI\patched: size=87 ... Success
7:437  0:000  Inserting SSDT-ESEL.aml from EFI\CLOVER\ACPI\patched: size=57 ... Success
7:438  0:000  Inserting SSDT-4.AML from EFI\CLOVER\ACPI\patched: size=2559 ... Success
7:438  0:000  Inserting SSDT-3.AML from EFI\CLOVER\ACPI\patched: size=2821 ... Success
7:439  0:000  Inserting SSDT-2.AML from EFI\CLOVER\ACPI\patched: size=681 ... Success
7:440  0:000  Inserting SSDT-1.AML from EFI\CLOVER\ACPI\patched: size=871 ... Success
7:440  0:000  CPUBase=0 and ApicCPUBase=1 ApicCPUNum=4
7:440  0:000  Maximum control=0x19
7:440  0:000  Turbo control=0x1F
7:440  0:000  P-States: min 0x7, max 0x1F
7:440  0:000  SSDT with plugin-type without P-States is generated
7:440  0:000  Cleanup XSDT: count=22, length=212
7:440  0:000  corrected XSDT count=22, length=212
7:440  0:000  === [ RestSetup macOS ] ===================================
7:440  0:000  EdidDiscovered size=0
7:440  0:000  add device: PciRoot(0x0)/Pci(0x2,0x0)
7:440  0:000     Add key=framebuffer-stolenmem valuelen=4
7:440  0:000     Add key=framebuffer-patch-enable valuelen=4
7:440  0:000     Add key=framebuffer-fbmem valuelen=4
7:440  0:000  Intel HD Graphics 4000 [8086:0166] :: PciRoot(0x0)\Pci(0x2,0x0)
7:440  0:000    FakeID Intel GFX = 0x12345678
7:440  0:000    ig-platform-id = 0x01660003
7:440  0:000  Intel GFX revision  = 0x9
7:440  0:000   setting specified layout-id=45 (0x2D)
7:441  0:000  stringlength = 3104
7:441  0:000  CurrentMode: Width=1366 Height=768
7:441  0:000  Beginning FSInjection
FSInjectionInstall ...
- Our FSI_SIMPLE_FILE_SYSTEM_PROTOCOL installed on handle: B147D898
FSInjectionInstall ...
- Our FSI_SIMPLE_FILE_SYSTEM_PROTOCOL installed on handle: B147D898
7:460  0:018  Use origin smbios table type 1 guid.
7:468  0:007  Preparing kexts injection for arch=x86_64 from EFI\CLOVER\kexts\Other
7:468  0:000  Extra kext: EFI\CLOVER\kexts\Other\WhateverGreen.kext (v.1.3.2)
7:535  0:067  Extra kext: EFI\CLOVER\kexts\Other\USBInjectAll.kext (v.0.7.1)
7:588  0:052  Extra kext: EFI\CLOVER\kexts\Other\RealtekRTL8111.kext (v.2.2.2)
7:610  0:022  Extra kext: EFI\CLOVER\kexts\Other\NullCPUPowerManagement.kext (v.1.0.0d2)
7:615  0:004  Extra kext: EFI\CLOVER\kexts\Other\Lilu.kext (v.1.3.8)
7:633  0:018  Extra kext: EFI\CLOVER\kexts\Other\IOath3kfrmwr.kext (v.1.2.1)
7:651  0:017  Extra kext: EFI\CLOVER\kexts\Other\IO80211Family.kext (v.1200.12.2)
7:682  0:030    |-- PlugIn kext: EFI\CLOVER\kexts\Other\IO80211Family.kext\Contents\PlugIns\IO80211NetBooter.kext (v.1200.12.2)
7:687  0:005    |-- PlugIn kext: EFI\CLOVER\kexts\Other\IO80211Family.kext\Contents\PlugIns\AirPortBrcm4360.kext (v.1150.10.1a2)
7:883  0:195    |-- PlugIn kext: EFI\CLOVER\kexts\Other\IO80211Family.kext\Contents\PlugIns\AirPortBrcm4331.kext (v.800.20.24)
7:941  0:057    |-- PlugIn kext: EFI\CLOVER\kexts\Other\IO80211Family.kext\Contents\PlugIns\AirPortAtheros40.kext (v.700.74.5)
8:018  0:077  Extra kext: EFI\CLOVER\kexts\Other\HWInfo.kext (v.1)
8:044  0:025  Extra kext: EFI\CLOVER\kexts\Other\FakeSMC.kext (v.3.5.2)
8:074  0:030  Extra kext: EFI\CLOVER\kexts\Other\AtherosWiFiInjector.kext (v.1.0.1)
8:077  0:002  Extra kext: EFI\CLOVER\kexts\Other\ATH9KInjector.kext (v.1.2.6)
8:080  0:002  Extra kext: EFI\CLOVER\kexts\Other\ATH9KFixup.kext (v.1.2.6)
8:085  0:005  Extra kext: EFI\CLOVER\kexts\Other\ApplePS2SmartTouchPad.kext (v.4.6.8)
8:107  0:022    |-- PlugIn kext: EFI\CLOVER\kexts\Other\ApplePS2SmartTouchPad.kext\Contents\PlugIns\ApplePS2Keyboard.kext (v.4.6.8)
8:114  0:007    |-- PlugIn kext: EFI\CLOVER\kexts\Other\ApplePS2SmartTouchPad.kext\Contents\PlugIns\ApplePS2Controller.kext (v.4.6.8)
8:119  0:004  Extra kext: EFI\CLOVER\kexts\Other\AppleALC.kext (v.1.4.1)
8:246  0:127  Extra kext: EFI\CLOVER\kexts\Other\ACPIBatteryManager.kext (v.1.60.5)
8:272  0:025  Preparing kexts injection for arch=x86_64 from EFI\CLOVER\kexts\Off
8:272  0:000  Preparing kexts injection for arch=x86_64 from EFI\CLOVER\kexts\10.14
8:272  0:000  Extra kext: EFI\CLOVER\kexts\10.14\ATH9KInjector.kext (v.1.2.6)
8:276  0:004  Extra kext: EFI\CLOVER\kexts\10.14\ATH9KFixup.kext (v.1.2.6)
8:288  0:011  SetStartupDiskVolume:
8:288  0:000    * Volume: 'MacBoot'
8:288  0:000    * LoaderPath: '<null string>'
8:288  0:000    * DevPath: MacBoot
8:288  0:000    * GUID = 6EB0FCA2-426E-4262-907A-42016BA60BC0
8:288  0:000    * efi-boot-device: <array><dict><key>IOMatch</key><dict><key>IOProviderClass</key><string>IOMedia</string><key>IOPropertyMatch</key><dict><key>UUID</key><string>6EB0FCA2-426E-4262-907A-42016BA60BC0</string></dict></dict></dict></array>
8:288  0:000  SetScreenResolution: 1366x768 - already set
8:288  0:000  Custom boot is disabled
8:289  0:000  Closing log
